1642896620.166312 client started (11509): version 3.2a, socket /private/tmp/tmux-501/default, protocol 8
1642896620.166461 on Darwin 20.6.0 Darwin Kernel Version 20.6.0: Mon Aug 30 06:12:20 PDT 2021; root:xnu-7195.141.6~3/RELEASE_ARM64_T8101
1642896620.166483 using libevent 2.1.12-stable (select); ncurses 6.2
1642896620.166534 flags are 0x10010000
1642896620.166551 socket is /private/tmp/tmux-501/default
1642896620.166582 trying connect
1642896620.166676 add peer 0x150048000: 6 (0x0)
1642896620.169358 sending message 100 to peer 0x150048000 (4 bytes)
1642896620.169379 sending message 111 to peer 0x150048000 (8 bytes)
1642896620.169391 sending message 101 to peer 0x150048000 (16 bytes)
1642896620.169401 sending message 109 to peer 0x150048000 (4 bytes)
1642896620.169411 sending message 102 to peer 0x150048000 (13 bytes)
1642896620.169422 sending message 108 to peer 0x150048000 (28 bytes)
1642896620.169432 sending message 112 to peer 0x150048000 (70 bytes)
1642896620.169441 sending message 112 to peer 0x150048000 (5 bytes)
1642896620.169451 sending message 112 to peer 0x150048000 (5 bytes)
1642896620.169460 sending message 112 to peer 0x150048000 (6 bytes)
1642896620.169470 sending message 112 to peer 0x150048000 (6 bytes)
1642896620.169480 sending message 112 to peer 0x150048000 (11 bytes)
1642896620.169490 sending message 112 to peer 0x150048000 (10 bytes)
1642896620.169499 sending message 112 to peer 0x150048000 (13 bytes)
1642896620.169510 sending message 112 to peer 0x150048000 (13 bytes)
1642896620.169519 sending message 112 to peer 0x150048000 (18 bytes)
1642896620.169529 sending message 112 to peer 0x150048000 (11 bytes)
1642896620.169539 sending message 112 to peer 0x150048000 (21 bytes)
1642896620.169549 sending message 112 to peer 0x150048000 (13 bytes)
1642896620.169558 sending message 112 to peer 0x150048000 (7 bytes)
1642896620.169568 sending message 112 to peer 0x150048000 (13 bytes)
1642896620.169578 sending message 112 to peer 0x150048000 (7 bytes)
1642896620.169587 sending message 112 to peer 0x150048000 (13 bytes)
1642896620.169597 sending message 112 to peer 0x150048000 (9 bytes)
1642896620.169607 sending message 112 to peer 0x150048000 (21 bytes)
1642896620.169616 sending message 112 to peer 0x150048000 (13 bytes)
1642896620.169626 sending message 112 to peer 0x150048000 (8 bytes)
1642896620.169635 sending message 112 to peer 0x150048000 (12 bytes)
1642896620.169645 sending message 112 to peer 0x150048000 (13 bytes)
1642896620.169654 sending message 112 to peer 0x150048000 (9 bytes)
1642896620.169664 sending message 112 to peer 0x150048000 (9 bytes)
1642896620.169674 sending message 112 to peer 0x150048000 (12 bytes)
1642896620.169683 sending message 112 to peer 0x150048000 (8 bytes)
1642896620.169692 sending message 112 to peer 0x150048000 (7 bytes)
1642896620.169702 sending message 112 to peer 0x150048000 (7 bytes)
1642896620.169711 sending message 112 to peer 0x150048000 (9 bytes)
1642896620.169730 sending message 112 to peer 0x150048000 (13 bytes)
1642896620.169739 sending message 112 to peer 0x150048000 (9 bytes)
1642896620.169756 sending message 112 to peer 0x150048000 (15 bytes)
1642896620.169765 sending message 112 to peer 0x150048000 (13 bytes)
1642896620.169775 sending message 112 to peer 0x150048000 (12 bytes)
1642896620.169785 sending message 112 to peer 0x150048000 (8 bytes)
1642896620.169795 sending message 112 to peer 0x150048000 (14 bytes)
1642896620.169804 sending message 112 to peer 0x150048000 (9 bytes)
1642896620.169821 sending message 112 to peer 0x150048000 (10 bytes)
1642896620.169830 sending message 112 to peer 0x150048000 (10 bytes)
1642896620.169844 sending message 112 to peer 0x150048000 (10 bytes)
1642896620.169854 sending message 112 to peer 0x150048000 (10 bytes)
1642896620.169863 sending message 112 to peer 0x150048000 (11 bytes)
1642896620.169873 sending message 112 to peer 0x150048000 (10 bytes)
1642896620.169883 sending message 112 to peer 0x150048000 (8 bytes)
1642896620.169899 sending message 112 to peer 0x150048000 (11 bytes)
1642896620.169908 sending message 112 to peer 0x150048000 (11 bytes)
1642896620.169935 sending message 112 to peer 0x150048000 (11 bytes)
1642896620.169942 sending message 112 to peer 0x150048000 (8 bytes)
1642896620.169951 sending message 112 to peer 0x150048000 (8 bytes)
1642896620.169958 sending message 112 to peer 0x150048000 (8 bytes)
1642896620.169966 sending message 112 to peer 0x150048000 (10 bytes)
1642896620.169974 sending message 112 to peer 0x150048000 (10 bytes)
1642896620.169990 sending message 112 to peer 0x150048000 (10 bytes)
1642896620.169998 sending message 112 to peer 0x150048000 (10 bytes)
1642896620.170005 sending message 112 to peer 0x150048000 (10 bytes)
1642896620.170013 sending message 112 to peer 0x150048000 (11 bytes)
1642896620.170020 sending message 112 to peer 0x150048000 (11 bytes)
1642896620.170028 sending message 112 to peer 0x150048000 (10 bytes)
1642896620.170036 sending message 112 to peer 0x150048000 (9 bytes)
1642896620.170044 sending message 112 to peer 0x150048000 (9 bytes)
1642896620.170051 sending message 112 to peer 0x150048000 (12 bytes)
1642896620.170064 sending message 112 to peer 0x150048000 (9 bytes)
1642896620.170072 sending message 112 to peer 0x150048000 (6 bytes)
1642896620.170079 sending message 112 to peer 0x150048000 (13 bytes)
1642896620.170087 sending message 112 to peer 0x150048000 (8 bytes)
1642896620.170094 sending message 112 to peer 0x150048000 (15 bytes)
1642896620.170102 sending message 112 to peer 0x150048000 (13 bytes)
1642896620.170120 sending message 112 to peer 0x150048000 (70 bytes)
1642896620.170134 sending message 112 to peer 0x150048000 (69 bytes)
1642896620.170142 sending message 112 to peer 0x150048000 (10 bytes)
1642896620.170152 sending message 112 to peer 0x150048000 (8 bytes)
1642896620.170159 sending message 112 to peer 0x150048000 (15 bytes)
1642896620.170167 sending message 112 to peer 0x150048000 (13 bytes)
1642896620.170174 sending message 112 to peer 0x150048000 (10 bytes)
1642896620.170182 sending message 112 to peer 0x150048000 (10 bytes)
1642896620.170189 sending message 112 to peer 0x150048000 (5 bytes)
1642896620.170204 sending message 112 to peer 0x150048000 (15 bytes)
1642896620.170235 sending message 104 to peer 0x150048000 (0 bytes)
1642896620.170245 sending message 110 to peer 0x150048000 (0 bytes)
1642896620.170252 sending message 107 to peer 0x150048000 (4 bytes)
1642896620.170260 sending message 105 to peer 0x150048000 (70 bytes)
1642896620.170267 sending message 105 to peer 0x150048000 (20 bytes)
1642896620.170276 sending message 105 to peer 0x150048000 (154 bytes)
1642896620.170284 sending message 105 to peer 0x150048000 (14 bytes)
1642896620.170291 sending message 105 to peer 0x150048000 (26 bytes)
1642896620.170302 sending message 105 to peer 0x150048000 (43 bytes)
1642896620.170309 sending message 105 to peer 0x150048000 (34 bytes)
1642896620.170317 sending message 105 to peer 0x150048000 (66 bytes)
1642896620.170325 sending message 105 to peer 0x150048000 (12 bytes)
1642896620.170332 sending message 105 to peer 0x150048000 (32 bytes)
1642896620.170340 sending message 105 to peer 0x150048000 (119 bytes)
1642896620.170356 sending message 105 to peer 0x150048000 (13 bytes)
1642896620.170364 sending message 105 to peer 0x150048000 (148 bytes)
1642896620.170379 sending message 105 to peer 0x150048000 (35 bytes)
1642896620.170386 sending message 105 to peer 0x150048000 (24 bytes)
1642896620.170393 sending message 105 to peer 0x150048000 (22 bytes)
1642896620.170401 sending message 105 to peer 0x150048000 (26 bytes)
1642896620.170409 sending message 105 to peer 0x150048000 (17 bytes)
1642896620.170416 sending message 105 to peer 0x150048000 (53 bytes)
1642896620.170424 sending message 105 to peer 0x150048000 (57 bytes)
1642896620.170442 sending message 105 to peer 0x150048000 (22 bytes)
1642896620.170449 sending message 105 to peer 0x150048000 (22 bytes)
1642896620.170460 sending message 105 to peer 0x150048000 (57 bytes)
1642896620.170468 sending message 105 to peer 0x150048000 (21 bytes)
1642896620.170475 sending message 105 to peer 0x150048000 (10 bytes)
1642896620.170483 sending message 105 to peer 0x150048000 (13 bytes)
1642896620.170510 sending message 105 to peer 0x150048000 (8 bytes)
1642896620.170525 sending message 105 to peer 0x150048000 (21 bytes)
1642896620.170532 sending message 105 to peer 0x150048000 (14 bytes)
1642896620.170540 sending message 105 to peer 0x150048000 (60 bytes)
1642896620.170547 sending message 105 to peer 0x150048000 (18 bytes)
1642896620.170555 sending message 105 to peer 0x150048000 (15 bytes)
1642896620.170562 sending message 105 to peer 0x150048000 (19 bytes)
1642896620.170577 sending message 105 to peer 0x150048000 (144 bytes)
1642896620.170585 sending message 105 to peer 0x150048000 (225 bytes)
1642896620.170593 sending message 105 to peer 0x150048000 (35 bytes)
1642896620.170600 sending message 105 to peer 0x150048000 (83 bytes)
1642896620.170608 sending message 105 to peer 0x150048000 (74 bytes)
1642896620.170615 sending message 105 to peer 0x150048000 (38 bytes)
1642896620.170623 sending message 105 to peer 0x150048000 (18 bytes)
1642896620.170631 sending message 106 to peer 0x150048000 (0 bytes)
1642896620.170664 sending message 200 to peer 0x150048000 (4 bytes)
1642896620.170673 client loop enter
1642896620.171015 peer 0x150048000 message 303
1642896620.171029 open write file 2 -
1642896620.171065 sending message 305 to peer 0x150048000 (8 bytes)
1642896620.171089 write check file 2
1642896620.171148 peer 0x150048000 message 304
1642896620.171160 write 58 to file 2
1642896620.171170 peer 0x150048000 message 203
1642896620.171179 file 2 58 bytes left
1642896620.171231 write check file 2
1642896620.171241 client loop exit
